<?xml version="1.0" encoding="UTF-8"?>
<testng-results skipped="0" failed="0" ignored="0" total="2" passed="2">
  <reporter-output>
  </reporter-output>
  <suite name="TestSuite" duration-ms="135599" started-at="2018-02-01T17:50:25Z" finished-at="2018-02-01T17:52:41Z">
    <groups>
    </groups>
    <test name="Test1" duration-ms="14988" started-at="2018-02-01T17:50:25Z" finished-at="2018-02-01T17:50:40Z">
      <class name="com.Test.TestSearch">
        <test-method status="PASS" signature="search(java.lang.String)[pri:0, instance:com.Test.TestSearch@3c756e4d]" name="search" duration-ms="14949" started-at="2018-02-01T23:20:25Z" finished-at="2018-02-01T23:20:40Z">
          <params>
            <param index="0">
              <value>
                <![CDATA[Google]]>
              </value>
            </param>
          </params>
          <reporter-output>
          </reporter-output>
        </test-method> <!-- search -->
      </class> <!-- com.Test.TestSearch -->
    </test> <!-- Test1 -->
    <test name="Test2" duration-ms="120543" started-at="2018-02-01T17:50:40Z" finished-at="2018-02-01T17:52:41Z">
      <class name="com.Test.TestSearch">
        <test-method status="PASS" signature="search(java.lang.String)[pri:0, instance:com.Test.TestSearch@4520ebad]" name="search" duration-ms="120538" started-at="2018-02-01T23:20:40Z" finished-at="2018-02-01T23:22:41Z">
          <params>
            <param index="0">
              <value>
                <![CDATA[Firefox]]>
              </value>
            </param>
          </params>
          <reporter-output>
          </reporter-output>
        </test-method> <!-- search -->
      </class> <!-- com.Test.TestSearch -->
    </test> <!-- Test2 -->
  </suite> <!-- TestSuite -->
</testng-results>
